[
  {
    "line": 1,
    "elements": [
      {
        "start_timestamp": "2022-07-29T08:26:36.062Z",
        "line": 11,
        "name": "Facebook validation using Different Credentials",
        "description": "",
        "id": "facebook-application-validation;facebook-validation-using-different-credentials;;2",
        "type": "scenario",
        "keyword": "Scenario Outline",
        "steps": [
          {
            "result": {
              "duration": 5004000000,
              "status": "passed"
            },
            "line": 4,
            "name": "User able to launch the Facebook url",
            "match": {
              "location": "com.stepdef.StepDef2.user_able_to_launch_the_Facebook_url()"
            },
            "keyword": "Given "
          },
          {
            "result": {
              "duration": 162000000,
              "status": "passed"
            },
            "line": 5,
            "name": "User enters the \"ram@Sarath\" and \"1234\"",
            "match": {
              "arguments": [
                {
                  "val": "\"ram@Sarath\"",
                  "offset": 16
                },
                {
                  "val": "\"1234\"",
                  "offset": 33
                }
              ],
              "location": "com.stepdef.StepDef2.user_enters_the_and(java.lang.String,java.lang.String)"
            },
            "keyword": "When "
          },
          {
            "result": {
              "duration": 77000000,
              "status": "passed"
            },
            "line": 6,
            "name": "User clicks on the LoginButton",
            "match": {
              "location": "com.stepdef.StepDef2.user_clicks_on_the_LoginButton()"
            },
            "keyword": "And "
          },
          {
            "result": {
              "error_message": "org.openqa.selenium.NoSuchElementException: no such element: Unable to locate element: {\"method\":\"xpath\",\"selector\":\"//div[@class\u003d\u0027_42ft _4jy0 _52e0 _4jy6 _4jy1 selected _51sy\u0027]\"}\n  (Session info: chrome\u003d103.0.5060.134)\nFor documentation on this error, please visit: https://www.seleniumhq.org/exceptions/no_such_element.html\nBuild info: version: \u00273.141.59\u0027, revision: \u0027e82be7d358\u0027, time: \u00272018-11-14T08:17:03\u0027\nSystem info: host: \u0027DESKTOP-TNE954T\u0027, ip: \u0027192.168.1.2\u0027, os.name: \u0027Windows 10\u0027, os.arch: \u0027amd64\u0027, os.version: \u002710.0\u0027, java.version: \u00271.8.0_202\u0027\nDriver info: org.openqa.selenium.chrome.ChromeDriver\nCapabilities {acceptInsecureCerts: false, browserName: chrome, browserVersion: 103.0.5060.134, chrome: {chromedriverVersion: 103.0.5060.134 (8ec6fce403b..., userDataDir: C:\\Users\\ADMIN\\AppData\\Loca...}, goog:chromeOptions: {debuggerAddress: localhost:60148}, javascriptEnabled: true, networkConnectionEnabled: false, pageLoadStrategy: normal, platform: WINDOWS, platformName: WINDOWS, proxy: Proxy(), setWindowRect: true, strictFileInteractability: false, timeouts: {implicit: 0, pageLoad: 300000, script: 30000}, unhandledPromptBehavior: dismiss and notify, webauthn:extension:credBlob: true, webauthn:extension:largeBlob: true, webauthn:virtualAuthenticators: true}\nSession ID: fff0b3ac11de8bbd49d1378c1e9e3eb6\n*** Element info: {Using\u003dxpath, value\u003d//div[@class\u003d\u0027_42ft _4jy0 _52e0 _4jy6 _4jy1 selected _51sy\u0027]}\r\n\tat sun.reflect.NativeConstructorAccessorImpl.newInstance0(Native Method)\r\n\tat sun.reflect.NativeConstructorAccessorImpl.newInstance(Unknown Source)\r\n\tat sun.reflect.DelegatingConstructorAccessorImpl.newInstance(Unknown Source)\r\n\tat java.lang.reflect.Constructor.newInstance(Unknown Source)\r\n\tat org.openqa.selenium.remote.http.W3CHttpResponseCodec.createException(W3CHttpResponseCodec.java:187)\r\n\tat org.openqa.selenium.remote.http.W3CHttpResponseCodec.decode(W3CHttpResponseCodec.java:122)\r\n\tat org.openqa.selenium.remote.http.W3CHttpResponseCodec.decode(W3CHttpResponseCodec.java:49)\r\n\tat org.openqa.selenium.remote.HttpCommandExecutor.execute(HttpCommandExecutor.java:158)\r\n\tat org.openqa.selenium.remote.service.DriverCommandExecutor.execute(DriverCommandExecutor.java:83)\r\n\tat org.openqa.selenium.remote.RemoteWebDriver.execute(RemoteWebDriver.java:552)\r\n\tat org.openqa.selenium.remote.RemoteWebDriver.findElement(RemoteWebDriver.java:323)\r\n\tat org.openqa.selenium.remote.RemoteWebDriver.findElementByXPath(RemoteWebDriver.java:428)\r\n\tat org.openqa.selenium.By$ByXPath.findElement(By.java:353)\r\n\tat org.openqa.selenium.remote.RemoteWebDriver.findElement(RemoteWebDriver.java:315)\r\n\tat com.stepdef.StepDef2.user_validates_the_Error_Message(StepDef2.java:44)\r\n\tat ✽.User validates the Error Message(file:///C:/Users/ADMIN/eclipse-workspace/CucumberProject/src/test/resources/FBLogin.feature:7)\r\n",
              "duration": 16980000000,
              "status": "failed"
            },
            "line": 7,
            "name": "User validates the Error Message",
            "match": {
              "location": "com.stepdef.StepDef2.user_validates_the_Error_Message()"
            },
            "keyword": "Then "
          }
        ]
      },
      {
        "start_timestamp": "2022-07-29T08:26:58.379Z",
        "line": 12,
        "name": "Facebook validation using Different Credentials",
        "description": "",
        "id": "facebook-application-validation;facebook-validation-using-different-credentials;;3",
        "type": "scenario",
        "keyword": "Scenario Outline",
        "steps": [
          {
            "result": {
              "duration": 3310000000,
              "status": "passed"
            },
            "line": 4,
            "name": "User able to launch the Facebook url",
            "match": {
              "location": "com.stepdef.StepDef2.user_able_to_launch_the_Facebook_url()"
            },
            "keyword": "Given "
          },
          {
            "result": {
              "duration": 147000000,
              "status": "passed"
            },
            "line": 5,
            "name": "User enters the \"Arun@1343\" and \"234543\"",
            "match": {
              "arguments": [
                {
                  "val": "\"Arun@1343\"",
                  "offset": 16
                },
                {
                  "val": "\"234543\"",
                  "offset": 32
                }
              ],
              "location": "com.stepdef.StepDef2.user_enters_the_and(java.lang.String,java.lang.String)"
            },
            "keyword": "When "
          },
          {
            "result": {
              "duration": 55000000,
              "status": "passed"
            },
            "line": 6,
            "name": "User clicks on the LoginButton",
            "match": {
              "location": "com.stepdef.StepDef2.user_clicks_on_the_LoginButton()"
            },
            "keyword": "And "
          },
          {
            "result": {
              "error_message": "org.openqa.selenium.NoSuchElementException: no such element: Unable to locate element: {\"method\":\"xpath\",\"selector\":\"//div[@class\u003d\u0027_42ft _4jy0 _52e0 _4jy6 _4jy1 selected _51sy\u0027]\"}\n  (Session info: chrome\u003d103.0.5060.134)\nFor documentation on this error, please visit: https://www.seleniumhq.org/exceptions/no_such_element.html\nBuild info: version: \u00273.141.59\u0027, revision: \u0027e82be7d358\u0027, time: \u00272018-11-14T08:17:03\u0027\nSystem info: host: \u0027DESKTOP-TNE954T\u0027, ip: \u0027192.168.1.2\u0027, os.name: \u0027Windows 10\u0027, os.arch: \u0027amd64\u0027, os.version: \u002710.0\u0027, java.version: \u00271.8.0_202\u0027\nDriver info: org.openqa.selenium.chrome.ChromeDriver\nCapabilities {acceptInsecureCerts: false, browserName: chrome, browserVersion: 103.0.5060.134, chrome: {chromedriverVersion: 103.0.5060.134 (8ec6fce403b..., userDataDir: C:\\Users\\ADMIN\\AppData\\Loca...}, goog:chromeOptions: {debuggerAddress: localhost:60198}, javascriptEnabled: true, networkConnectionEnabled: false, pageLoadStrategy: normal, platform: WINDOWS, platformName: WINDOWS, proxy: Proxy(), setWindowRect: true, strictFileInteractability: false, timeouts: {implicit: 0, pageLoad: 300000, script: 30000}, unhandledPromptBehavior: dismiss and notify, webauthn:extension:credBlob: true, webauthn:extension:largeBlob: true, webauthn:virtualAuthenticators: true}\nSession ID: 8f41d8a92be39249fbcc305d29f85f39\n*** Element info: {Using\u003dxpath, value\u003d//div[@class\u003d\u0027_42ft _4jy0 _52e0 _4jy6 _4jy1 selected _51sy\u0027]}\r\n\tat sun.reflect.NativeConstructorAccessorImpl.newInstance0(Native Method)\r\n\tat sun.reflect.NativeConstructorAccessorImpl.newInstance(Unknown Source)\r\n\tat sun.reflect.DelegatingConstructorAccessorImpl.newInstance(Unknown Source)\r\n\tat java.lang.reflect.Constructor.newInstance(Unknown Source)\r\n\tat org.openqa.selenium.remote.http.W3CHttpResponseCodec.createException(W3CHttpResponseCodec.java:187)\r\n\tat org.openqa.selenium.remote.http.W3CHttpResponseCodec.decode(W3CHttpResponseCodec.java:122)\r\n\tat org.openqa.selenium.remote.http.W3CHttpResponseCodec.decode(W3CHttpResponseCodec.java:49)\r\n\tat org.openqa.selenium.remote.HttpCommandExecutor.execute(HttpCommandExecutor.java:158)\r\n\tat org.openqa.selenium.remote.service.DriverCommandExecutor.execute(DriverCommandExecutor.java:83)\r\n\tat org.openqa.selenium.remote.RemoteWebDriver.execute(RemoteWebDriver.java:552)\r\n\tat org.openqa.selenium.remote.RemoteWebDriver.findElement(RemoteWebDriver.java:323)\r\n\tat org.openqa.selenium.remote.RemoteWebDriver.findElementByXPath(RemoteWebDriver.java:428)\r\n\tat org.openqa.selenium.By$ByXPath.findElement(By.java:353)\r\n\tat org.openqa.selenium.remote.RemoteWebDriver.findElement(RemoteWebDriver.java:315)\r\n\tat com.stepdef.StepDef2.user_validates_the_Error_Message(StepDef2.java:44)\r\n\tat ✽.User validates the Error Message(file:///C:/Users/ADMIN/eclipse-workspace/CucumberProject/src/test/resources/FBLogin.feature:7)\r\n",
              "duration": 16559000000,
              "status": "failed"
            },
            "line": 7,
            "name": "User validates the Error Message",
            "match": {
              "location": "com.stepdef.StepDef2.user_validates_the_Error_Message()"
            },
            "keyword": "Then "
          }
        ]
      },
      {
        "start_timestamp": "2022-07-29T08:27:18.456Z",
        "line": 13,
        "name": "Facebook validation using Different Credentials",
        "description": "",
        "id": "facebook-application-validation;facebook-validation-using-different-credentials;;4",
        "type": "scenario",
        "keyword": "Scenario Outline",
        "steps": [
          {
            "result": {
              "duration": 2655000000,
              "status": "passed"
            },
            "line": 4,
            "name": "User able to launch the Facebook url",
            "match": {
              "location": "com.stepdef.StepDef2.user_able_to_launch_the_Facebook_url()"
            },
            "keyword": "Given "
          },
          {
            "result": {
              "duration": 184000000,
              "status": "passed"
            },
            "line": 5,
            "name": "User enters the \"Balu@java\" and \"8765\"",
            "match": {
              "arguments": [
                {
                  "val": "\"Balu@java\"",
                  "offset": 16
                },
                {
                  "val": "\"8765\"",
                  "offset": 32
                }
              ],
              "location": "com.stepdef.StepDef2.user_enters_the_and(java.lang.String,java.lang.String)"
            },
            "keyword": "When "
          },
          {
            "result": {
              "duration": 59000000,
              "status": "passed"
            },
            "line": 6,
            "name": "User clicks on the LoginButton",
            "match": {
              "location": "com.stepdef.StepDef2.user_clicks_on_the_LoginButton()"
            },
            "keyword": "And "
          },
          {
            "result": {
              "error_message": "org.openqa.selenium.NoSuchElementException: no such element: Unable to locate element: {\"method\":\"xpath\",\"selector\":\"//div[@class\u003d\u0027_42ft _4jy0 _52e0 _4jy6 _4jy1 selected _51sy\u0027]\"}\n  (Session info: chrome\u003d103.0.5060.134)\nFor documentation on this error, please visit: https://www.seleniumhq.org/exceptions/no_such_element.html\nBuild info: version: \u00273.141.59\u0027, revision: \u0027e82be7d358\u0027, time: \u00272018-11-14T08:17:03\u0027\nSystem info: host: \u0027DESKTOP-TNE954T\u0027, ip: \u0027192.168.1.2\u0027, os.name: \u0027Windows 10\u0027, os.arch: \u0027amd64\u0027, os.version: \u002710.0\u0027, java.version: \u00271.8.0_202\u0027\nDriver info: org.openqa.selenium.chrome.ChromeDriver\nCapabilities {acceptInsecureCerts: false, browserName: chrome, browserVersion: 103.0.5060.134, chrome: {chromedriverVersion: 103.0.5060.134 (8ec6fce403b..., userDataDir: C:\\Users\\ADMIN\\AppData\\Loca...}, goog:chromeOptions: {debuggerAddress: localhost:60253}, javascriptEnabled: true, networkConnectionEnabled: false, pageLoadStrategy: normal, platform: WINDOWS, platformName: WINDOWS, proxy: Proxy(), setWindowRect: true, strictFileInteractability: false, timeouts: {implicit: 0, pageLoad: 300000, script: 30000}, unhandledPromptBehavior: dismiss and notify, webauthn:extension:credBlob: true, webauthn:extension:largeBlob: true, webauthn:virtualAuthenticators: true}\nSession ID: cdfa959fffc7857b20a920c20e73a686\n*** Element info: {Using\u003dxpath, value\u003d//div[@class\u003d\u0027_42ft _4jy0 _52e0 _4jy6 _4jy1 selected _51sy\u0027]}\r\n\tat sun.reflect.NativeConstructorAccessorImpl.newInstance0(Native Method)\r\n\tat sun.reflect.NativeConstructorAccessorImpl.newInstance(Unknown Source)\r\n\tat sun.reflect.DelegatingConstructorAccessorImpl.newInstance(Unknown Source)\r\n\tat java.lang.reflect.Constructor.newInstance(Unknown Source)\r\n\tat org.openqa.selenium.remote.http.W3CHttpResponseCodec.createException(W3CHttpResponseCodec.java:187)\r\n\tat org.openqa.selenium.remote.http.W3CHttpResponseCodec.decode(W3CHttpResponseCodec.java:122)\r\n\tat org.openqa.selenium.remote.http.W3CHttpResponseCodec.decode(W3CHttpResponseCodec.java:49)\r\n\tat org.openqa.selenium.remote.HttpCommandExecutor.execute(HttpCommandExecutor.java:158)\r\n\tat org.openqa.selenium.remote.service.DriverCommandExecutor.execute(DriverCommandExecutor.java:83)\r\n\tat org.openqa.selenium.remote.RemoteWebDriver.execute(RemoteWebDriver.java:552)\r\n\tat org.openqa.selenium.remote.RemoteWebDriver.findElement(RemoteWebDriver.java:323)\r\n\tat org.openqa.selenium.remote.RemoteWebDriver.findElementByXPath(RemoteWebDriver.java:428)\r\n\tat org.openqa.selenium.By$ByXPath.findElement(By.java:353)\r\n\tat org.openqa.selenium.remote.RemoteWebDriver.findElement(RemoteWebDriver.java:315)\r\n\tat com.stepdef.StepDef2.user_validates_the_Error_Message(StepDef2.java:44)\r\n\tat ✽.User validates the Error Message(file:///C:/Users/ADMIN/eclipse-workspace/CucumberProject/src/test/resources/FBLogin.feature:7)\r\n",
              "duration": 20426000000,
              "status": "failed"
            },
            "line": 7,
            "name": "User validates the Error Message",
            "match": {
              "location": "com.stepdef.StepDef2.user_validates_the_Error_Message()"
            },
            "keyword": "Then "
          }
        ]
      },
      {
        "start_timestamp": "2022-07-29T08:27:41.783Z",
        "line": 14,
        "name": "Facebook validation using Different Credentials",
        "description": "",
        "id": "facebook-application-validation;facebook-validation-using-different-credentials;;5",
        "type": "scenario",
        "keyword": "Scenario Outline",
        "steps": [
          {
            "result": {
              "duration": 5169000000,
              "status": "passed"
            },
            "line": 4,
            "name": "User able to launch the Facebook url",
            "match": {
              "location": "com.stepdef.StepDef2.user_able_to_launch_the_Facebook_url()"
            },
            "keyword": "Given "
          },
          {
            "result": {
              "duration": 134000000,
              "status": "passed"
            },
            "line": 5,
            "name": "User enters the \"Sundar@Babu\" and \"2343432\"",
            "match": {
              "arguments": [
                {
                  "val": "\"Sundar@Babu\"",
                  "offset": 16
                },
                {
                  "val": "\"2343432\"",
                  "offset": 34
                }
              ],
              "location": "com.stepdef.StepDef2.user_enters_the_and(java.lang.String,java.lang.String)"
            },
            "keyword": "When "
          },
          {
            "result": {
              "duration": 91000000,
              "status": "passed"
            },
            "line": 6,
            "name": "User clicks on the LoginButton",
            "match": {
              "location": "com.stepdef.StepDef2.user_clicks_on_the_LoginButton()"
            },
            "keyword": "And "
          },
          {
            "result": {
              "error_message": "org.openqa.selenium.NoSuchElementException: no such element: Unable to locate element: {\"method\":\"xpath\",\"selector\":\"//div[@class\u003d\u0027_42ft _4jy0 _52e0 _4jy6 _4jy1 selected _51sy\u0027]\"}\n  (Session info: chrome\u003d103.0.5060.134)\nFor documentation on this error, please visit: https://www.seleniumhq.org/exceptions/no_such_element.html\nBuild info: version: \u00273.141.59\u0027, revision: \u0027e82be7d358\u0027, time: \u00272018-11-14T08:17:03\u0027\nSystem info: host: \u0027DESKTOP-TNE954T\u0027, ip: \u0027192.168.1.2\u0027, os.name: \u0027Windows 10\u0027, os.arch: \u0027amd64\u0027, os.version: \u002710.0\u0027, java.version: \u00271.8.0_202\u0027\nDriver info: org.openqa.selenium.chrome.ChromeDriver\nCapabilities {acceptInsecureCerts: false, browserName: chrome, browserVersion: 103.0.5060.134, chrome: {chromedriverVersion: 103.0.5060.134 (8ec6fce403b..., userDataDir: C:\\Users\\ADMIN\\AppData\\Loca...}, goog:chromeOptions: {debuggerAddress: localhost:60315}, javascriptEnabled: true, networkConnectionEnabled: false, pageLoadStrategy: normal, platform: WINDOWS, platformName: WINDOWS, proxy: Proxy(), setWindowRect: true, strictFileInteractability: false, timeouts: {implicit: 0, pageLoad: 300000, script: 30000}, unhandledPromptBehavior: dismiss and notify, webauthn:extension:credBlob: true, webauthn:extension:largeBlob: true, webauthn:virtualAuthenticators: true}\nSession ID: d074c694af00dd0e0d9ee9a65a0cb89e\n*** Element info: {Using\u003dxpath, value\u003d//div[@class\u003d\u0027_42ft _4jy0 _52e0 _4jy6 _4jy1 selected _51sy\u0027]}\r\n\tat sun.reflect.NativeConstructorAccessorImpl.newInstance0(Native Method)\r\n\tat sun.reflect.NativeConstructorAccessorImpl.newInstance(Unknown Source)\r\n\tat sun.reflect.DelegatingConstructorAccessorImpl.newInstance(Unknown Source)\r\n\tat java.lang.reflect.Constructor.newInstance(Unknown Source)\r\n\tat org.openqa.selenium.remote.http.W3CHttpResponseCodec.createException(W3CHttpResponseCodec.java:187)\r\n\tat org.openqa.selenium.remote.http.W3CHttpResponseCodec.decode(W3CHttpResponseCodec.java:122)\r\n\tat org.openqa.selenium.remote.http.W3CHttpResponseCodec.decode(W3CHttpResponseCodec.java:49)\r\n\tat org.openqa.selenium.remote.HttpCommandExecutor.execute(HttpCommandExecutor.java:158)\r\n\tat org.openqa.selenium.remote.service.DriverCommandExecutor.execute(DriverCommandExecutor.java:83)\r\n\tat org.openqa.selenium.remote.RemoteWebDriver.execute(RemoteWebDriver.java:552)\r\n\tat org.openqa.selenium.remote.RemoteWebDriver.findElement(RemoteWebDriver.java:323)\r\n\tat org.openqa.selenium.remote.RemoteWebDriver.findElementByXPath(RemoteWebDriver.java:428)\r\n\tat org.openqa.selenium.By$ByXPath.findElement(By.java:353)\r\n\tat org.openqa.selenium.remote.RemoteWebDriver.findElement(RemoteWebDriver.java:315)\r\n\tat com.stepdef.StepDef2.user_validates_the_Error_Message(StepDef2.java:44)\r\n\tat ✽.User validates the Error Message(file:///C:/Users/ADMIN/eclipse-workspace/CucumberProject/src/test/resources/FBLogin.feature:7)\r\n",
              "duration": 13874000000,
              "status": "failed"
            },
            "line": 7,
            "name": "User validates the Error Message",
            "match": {
              "location": "com.stepdef.StepDef2.user_validates_the_Error_Message()"
            },
            "keyword": "Then "
          }
        ]
      }
    ],
    "name": "Facebook Application Validation",
    "description": "",
    "id": "facebook-application-validation",
    "keyword": "Feature",
    "uri": "file:src/test/resources/FBLogin.feature",
    "tags": []
  }
]